<?xml version="1.0" encoding="UTF-8"?>
<coverage generated="1689086200328" clover="3.2.0">
  <project timestamp="1689086200329" name="All files">
    <metrics statements="20" coveredstatements="18" conditionals="10" coveredconditionals="8" methods="6" coveredmethods="6" elements="36" coveredelements="32" complexity="0" loc="20" ncloc="20" packages="1" files="1" classes="1"/>
    <file name="index.js" path="/mnt/c/study/projects/1/frontend-project-46/src/index.js">
      <metrics statements="20" coveredstatements="18" conditionals="10" coveredconditionals="8" methods="6" coveredmethods="6"/>
      <line num="4" count="1" type="stmt"/>
      <line num="6" count="1" type="stmt"/>
      <line num="7" count="1" type="stmt"/>
      <line num="8" count="4" type="stmt"/>
      <line num="9" count="4" type="stmt"/>
      <line num="10" count="1" type="stmt"/>
      <line num="12" count="1" type="stmt"/>
      <line num="13" count="10" type="cond" truecount="3" falsecount="1"/>
      <line num="14" count="4" type="stmt"/>
      <line num="16" count="0" type="stmt"/>
      <line num="20" count="1" type="stmt"/>
      <line num="21" count="10" type="cond" truecount="3" falsecount="1"/>
      <line num="22" count="0" type="stmt"/>
      <line num="26" count="1" type="stmt"/>
      <line num="27" count="6" type="stmt"/>
      <line num="28" count="6" type="stmt"/>
      <line num="30" count="6" type="cond" truecount="2" falsecount="0"/>
      <line num="31" count="4" type="stmt"/>
      <line num="35" count="1" type="stmt"/>
      <line num="36" count="1" type="stmt"/>
    </file>
  </project>
</coverage>
