{"/mnt/c/study/projects/1/frontend-project-46/src/index.js": {"path":"/mnt/c/study/projects/1/frontend-project-46/src/index.js","statementMap":{"0":{"start":{"line":5,"column":22},"end":{"line":5,"column":58}},"1":{"start":{"line":5,"column":36},"end":{"line":5,"column":58}},"2":{"start":{"line":7,"column":17},"end":{"line":7,"column":68}},"3":{"start":{"line":7,"column":31},"end":{"line":7,"column":68}},"4":{"start":{"line":10,"column":16},"end":{"line":13,"column":1}},"5":{"start":{"line":11,"column":16},"end":{"line":11,"column":34}},"6":{"start":{"line":12,"column":2},"end":{"line":12,"column":64}},"7":{"start":{"line":15,"column":16},"end":{"line":63,"column":1}},"8":{"start":{"line":16,"column":22},"end":{"line":16,"column":40}},"9":{"start":{"line":17,"column":22},"end":{"line":17,"column":40}},"10":{"start":{"line":18,"column":21},"end":{"line":21,"column":5}},"11":{"start":{"line":18,"column":72},"end":{"line":21,"column":3}},"12":{"start":{"line":22,"column":21},"end":{"line":25,"column":5}},"13":{"start":{"line":22,"column":72},"end":{"line":25,"column":3}},"14":{"start":{"line":26,"column":17},"end":{"line":26,"column":19}},"15":{"start":{"line":28,"column":2},"end":{"line":39,"column":3}},"16":{"start":{"line":28,"column":15},"end":{"line":28,"column":16}},"17":{"start":{"line":29,"column":4},"end":{"line":38,"column":5}},"18":{"start":{"line":32,"column":10},"end":{"line":32,"column":76}},"19":{"start":{"line":35,"column":6},"end":{"line":35,"column":68}},"20":{"start":{"line":37,"column":6},"end":{"line":37,"column":68}},"21":{"start":{"line":41,"column":2},"end":{"line":50,"column":3}},"22":{"start":{"line":41,"column":15},"end":{"line":41,"column":16}},"23":{"start":{"line":42,"column":4},"end":{"line":49,"column":5}},"24":{"start":{"line":45,"column":10},"end":{"line":45,"column":76}},"25":{"start":{"line":48,"column":6},"end":{"line":48,"column":68}},"26":{"start":{"line":52,"column":2},"end":{"line":59,"column":5}},"27":{"start":{"line":53,"column":18},"end":{"line":53,"column":25}},"28":{"start":{"line":54,"column":18},"end":{"line":54,"column":25}},"29":{"start":{"line":56,"column":4},"end":{"line":58,"column":5}},"30":{"start":{"line":57,"column":6},"end":{"line":57,"column":16}},"31":{"start":{"line":61,"column":25},"end":{"line":61,"column":42}},"32":{"start":{"line":62,"column":2},"end":{"line":62,"column":24}}},"fnMap":{"0":{"name":"(anonymous_0)","decl":{"start":{"line":5,"column":22},"end":{"line":5,"column":23}},"loc":{"start":{"line":5,"column":36},"end":{"line":5,"column":58}},"line":5},"1":{"name":"(anonymous_1)","decl":{"start":{"line":7,"column":17},"end":{"line":7,"column":18}},"loc":{"start":{"line":7,"column":31},"end":{"line":7,"column":68}},"line":7},"2":{"name":"(anonymous_2)","decl":{"start":{"line":10,"column":16},"end":{"line":10,"column":17}},"loc":{"start":{"line":10,"column":30},"end":{"line":13,"column":1}},"line":10},"3":{"name":"(anonymous_3)","decl":{"start":{"line":15,"column":16},"end":{"line":15,"column":17}},"loc":{"start":{"line":15,"column":42},"end":{"line":63,"column":1}},"line":15},"4":{"name":"(anonymous_4)","decl":{"start":{"line":18,"column":53},"end":{"line":18,"column":54}},"loc":{"start":{"line":18,"column":72},"end":{"line":21,"column":3}},"line":18},"5":{"name":"(anonymous_5)","decl":{"start":{"line":22,"column":53},"end":{"line":22,"column":54}},"loc":{"start":{"line":22,"column":72},"end":{"line":25,"column":3}},"line":22},"6":{"name":"(anonymous_6)","decl":{"start":{"line":31,"column":8},"end":{"line":31,"column":9}},"loc":{"start":{"line":32,"column":10},"end":{"line":32,"column":76}},"line":32},"7":{"name":"(anonymous_7)","decl":{"start":{"line":44,"column":8},"end":{"line":44,"column":9}},"loc":{"start":{"line":45,"column":10},"end":{"line":45,"column":76}},"line":45},"8":{"name":"(anonymous_8)","decl":{"start":{"line":52,"column":14},"end":{"line":52,"column":15}},"loc":{"start":{"line":52,"column":30},"end":{"line":59,"column":3}},"line":52}},"branchMap":{"0":{"loc":{"start":{"line":29,"column":4},"end":{"line":38,"column":5}},"type":"if","locations":[{"start":{"line":29,"column":4},"end":{"line":38,"column":5}},{"start":{"line":36,"column":11},"end":{"line":38,"column":5}}],"line":29},"1":{"loc":{"start":{"line":32,"column":10},"end":{"line":32,"column":76}},"type":"binary-expr","locations":[{"start":{"line":32,"column":10},"end":{"line":32,"column":39}},{"start":{"line":32,"column":43},"end":{"line":32,"column":76}}],"line":32},"2":{"loc":{"start":{"line":42,"column":4},"end":{"line":49,"column":5}},"type":"if","locations":[{"start":{"line":42,"column":4},"end":{"line":49,"column":5}},{"start":{},"end":{}}],"line":42},"3":{"loc":{"start":{"line":45,"column":10},"end":{"line":45,"column":76}},"type":"binary-expr","locations":[{"start":{"line":45,"column":10},"end":{"line":45,"column":39}},{"start":{"line":45,"column":43},"end":{"line":45,"column":76}}],"line":45},"4":{"loc":{"start":{"line":56,"column":4},"end":{"line":58,"column":5}},"type":"if","locations":[{"start":{"line":56,"column":4},"end":{"line":58,"column":5}},{"start":{},"end":{}}],"line":56}},"s":{"0":1,"1":4,"2":1,"3":4,"4":1,"5":4,"6":4,"7":1,"8":2,"9":2,"10":2,"11":8,"12":2,"13":6,"14":2,"15":2,"16":2,"17":8,"18":24,"19":2,"20":6,"21":2,"22":2,"23":6,"24":18,"25":4,"26":2,"27":20,"28":20,"29":20,"30":8,"31":2,"32":2},"f":{"0":4,"1":4,"2":4,"3":2,"4":8,"5":6,"6":24,"7":18,"8":20},"b":{"0":[2,6],"1":[24,4],"2":[4,2],"3":[18,4],"4":[8,12]},"_coverageSchema":"1a1c01bbd47fc00a2c39e90264f33305004495a9","hash":"f5925ec54558dbbe9b97fcb46e0d210539a19dd8"}
,"/mnt/c/study/projects/1/frontend-project-46/src/parses.js": {"path":"/mnt/c/study/projects/1/frontend-project-46/src/parses.js","statementMap":{"0":{"start":{"line":3,"column":14},"end":{"line":16,"column":1}},"1":{"start":{"line":4,"column":2},"end":{"line":15,"column":3}},"2":{"start":{"line":6,"column":6},"end":{"line":6,"column":30}},"3":{"start":{"line":8,"column":6},"end":{"line":8,"column":29}},"4":{"start":{"line":10,"column":6},"end":{"line":10,"column":29}},"5":{"start":{"line":12,"column":6},"end":{"line":14,"column":8}}},"fnMap":{"0":{"name":"(anonymous_0)","decl":{"start":{"line":3,"column":14},"end":{"line":3,"column":15}},"loc":{"start":{"line":3,"column":32},"end":{"line":16,"column":1}},"line":3}},"branchMap":{"0":{"loc":{"start":{"line":4,"column":2},"end":{"line":15,"column":3}},"type":"switch","locations":[{"start":{"line":5,"column":4},"end":{"line":6,"column":30}},{"start":{"line":7,"column":4},"end":{"line":8,"column":29}},{"start":{"line":9,"column":4},"end":{"line":10,"column":29}},{"start":{"line":11,"column":4},"end":{"line":14,"column":8}}],"line":4}},"s":{"0":1,"1":4,"2":2,"3":0,"4":2,"5":0},"f":{"0":4},"b":{"0":[2,0,2,0]},"_coverageSchema":"1a1c01bbd47fc00a2c39e90264f33305004495a9","hash":"d3f20975658a5f76ec26ef9f58184824c1b08719"}
}
