{"/mnt/c/study/projects/1/frontend-project-46/src/index.js": {"path":"/mnt/c/study/projects/1/frontend-project-46/src/index.js","statementMap":{"0":{"start":{"line":4,"column":16},"end":{"line":38,"column":1}},"1":{"start":{"line":6,"column":22},"end":{"line":6,"column":89}},"2":{"start":{"line":7,"column":22},"end":{"line":7,"column":89}},"3":{"start":{"line":8,"column":21},"end":{"line":8,"column":88}},"4":{"start":{"line":8,"column":72},"end":{"line":8,"column":86}},"5":{"start":{"line":9,"column":21},"end":{"line":9,"column":88}},"6":{"start":{"line":9,"column":72},"end":{"line":9,"column":86}},"7":{"start":{"line":10,"column":17},"end":{"line":10,"column":19}},"8":{"start":{"line":12,"column":2},"end":{"line":18,"column":3}},"9":{"start":{"line":12,"column":15},"end":{"line":12,"column":16}},"10":{"start":{"line":13,"column":4},"end":{"line":17,"column":5}},"11":{"start":{"line":13,"column":31},"end":{"line":13,"column":97}},"12":{"start":{"line":14,"column":6},"end":{"line":14,"column":68}},"13":{"start":{"line":16,"column":6},"end":{"line":16,"column":68}},"14":{"start":{"line":20,"column":2},"end":{"line":24,"column":3}},"15":{"start":{"line":20,"column":15},"end":{"line":20,"column":16}},"16":{"start":{"line":21,"column":4},"end":{"line":23,"column":5}},"17":{"start":{"line":21,"column":32},"end":{"line":21,"column":98}},"18":{"start":{"line":22,"column":6},"end":{"line":22,"column":68}},"19":{"start":{"line":26,"column":2},"end":{"line":33,"column":5}},"20":{"start":{"line":27,"column":18},"end":{"line":27,"column":25}},"21":{"start":{"line":28,"column":18},"end":{"line":28,"column":25}},"22":{"start":{"line":30,"column":4},"end":{"line":32,"column":5}},"23":{"start":{"line":31,"column":6},"end":{"line":31,"column":16}},"24":{"start":{"line":35,"column":25},"end":{"line":35,"column":42}},"25":{"start":{"line":36,"column":2},"end":{"line":36,"column":24}}},"fnMap":{"0":{"name":"(anonymous_0)","decl":{"start":{"line":4,"column":16},"end":{"line":4,"column":17}},"loc":{"start":{"line":4,"column":42},"end":{"line":38,"column":1}},"line":4},"1":{"name":"(anonymous_1)","decl":{"start":{"line":8,"column":53},"end":{"line":8,"column":54}},"loc":{"start":{"line":8,"column":72},"end":{"line":8,"column":86}},"line":8},"2":{"name":"(anonymous_2)","decl":{"start":{"line":9,"column":53},"end":{"line":9,"column":54}},"loc":{"start":{"line":9,"column":72},"end":{"line":9,"column":86}},"line":9},"3":{"name":"(anonymous_3)","decl":{"start":{"line":13,"column":24},"end":{"line":13,"column":25}},"loc":{"start":{"line":13,"column":31},"end":{"line":13,"column":97}},"line":13},"4":{"name":"(anonymous_4)","decl":{"start":{"line":21,"column":25},"end":{"line":21,"column":26}},"loc":{"start":{"line":21,"column":32},"end":{"line":21,"column":98}},"line":21},"5":{"name":"(anonymous_5)","decl":{"start":{"line":26,"column":14},"end":{"line":26,"column":15}},"loc":{"start":{"line":26,"column":30},"end":{"line":33,"column":3}},"line":26}},"branchMap":{"0":{"loc":{"start":{"line":13,"column":4},"end":{"line":17,"column":5}},"type":"if","locations":[{"start":{"line":13,"column":4},"end":{"line":17,"column":5}},{"start":{"line":15,"column":11},"end":{"line":17,"column":5}}],"line":13},"1":{"loc":{"start":{"line":13,"column":31},"end":{"line":13,"column":97}},"type":"binary-expr","locations":[{"start":{"line":13,"column":31},"end":{"line":13,"column":60}},{"start":{"line":13,"column":64},"end":{"line":13,"column":97}}],"line":13},"2":{"loc":{"start":{"line":21,"column":4},"end":{"line":23,"column":5}},"type":"if","locations":[{"start":{"line":21,"column":4},"end":{"line":23,"column":5}},{"start":{},"end":{}}],"line":21},"3":{"loc":{"start":{"line":21,"column":32},"end":{"line":21,"column":98}},"type":"binary-expr","locations":[{"start":{"line":21,"column":32},"end":{"line":21,"column":61}},{"start":{"line":21,"column":65},"end":{"line":21,"column":98}}],"line":21},"4":{"loc":{"start":{"line":30,"column":4},"end":{"line":32,"column":5}},"type":"if","locations":[{"start":{"line":30,"column":4},"end":{"line":32,"column":5}},{"start":{},"end":{}}],"line":30}},"s":{"0":1,"1":1,"2":1,"3":1,"4":4,"5":1,"6":3,"7":1,"8":1,"9":1,"10":4,"11":12,"12":1,"13":3,"14":1,"15":1,"16":3,"17":9,"18":2,"19":1,"20":10,"21":10,"22":10,"23":4,"24":1,"25":1},"f":{"0":1,"1":4,"2":3,"3":12,"4":9,"5":10},"b":{"0":[1,3],"1":[12,2],"2":[2,1],"3":[9,2],"4":[4,6]},"_coverageSchema":"1a1c01bbd47fc00a2c39e90264f33305004495a9","hash":"b05a36a7124b7d8c660523c1d569a44364493b37"}
}
