TN:
SF:src/index.js
FN:4,(anonymous_0)
FN:8,(anonymous_1)
FN:9,(anonymous_2)
FN:13,(anonymous_3)
FN:21,(anonymous_4)
FN:26,(anonymous_5)
FNF:6
FNH:6
FNDA:1,(anonymous_0)
FNDA:4,(anonymous_1)
FNDA:3,(anonymous_2)
FNDA:12,(anonymous_3)
FNDA:9,(anonymous_4)
FNDA:10,(anonymous_5)
DA:4,1
DA:6,1
DA:7,1
DA:8,4
DA:9,3
DA:10,1
DA:12,1
DA:13,12
DA:14,1
DA:16,3
DA:20,1
DA:21,9
DA:22,2
DA:26,1
DA:27,10
DA:28,10
DA:30,10
DA:31,4
DA:35,1
DA:36,1
LF:20
LH:20
BRDA:13,0,0,1
BRDA:13,0,1,3
BRDA:13,1,0,12
BRDA:13,1,1,2
BRDA:21,2,0,2
BRDA:21,2,1,1
BRDA:21,3,0,9
BRDA:21,3,1,2
BRDA:30,4,0,4
BRDA:30,4,1,6
BRF:10
BRH:10
end_of_record
