TN:
SF:src/index.js
FN:4,(anonymous_0)
FN:8,(anonymous_1)
FN:9,(anonymous_2)
FN:13,(anonymous_3)
FN:21,(anonymous_4)
FN:26,(anonymous_5)
FNF:6
FNH:6
FNDA:1,(anonymous_0)
FNDA:4,(anonymous_1)
FNDA:4,(anonymous_2)
FNDA:10,(anonymous_3)
FNDA:10,(anonymous_4)
FNDA:6,(anonymous_5)
DA:4,1
DA:6,1
DA:7,1
DA:8,4
DA:9,4
DA:10,1
DA:12,1
DA:13,10
DA:14,4
DA:16,0
DA:20,1
DA:21,10
DA:22,0
DA:26,1
DA:27,6
DA:28,6
DA:30,6
DA:31,4
DA:35,1
DA:36,1
LF:20
LH:18
BRDA:13,0,0,4
BRDA:13,0,1,0
BRDA:13,1,0,10
BRDA:13,1,1,4
BRDA:21,2,0,0
BRDA:21,2,1,4
BRDA:21,3,0,10
BRDA:21,3,1,4
BRDA:30,4,0,4
BRDA:30,4,1,2
BRF:10
BRH:8
end_of_record
